2021-05-18 08:55:47,751 INFO    MainThread:60380 [internal.py:wandb_internal():91] W&B internal server running at pid: 60380, started at: 2021-05-18 08:55:47.751104
2021-05-18 08:55:47,752 DEBUG   HandlerThread:60380 [handler.py:handle_request():121] handle_request: check_version
2021-05-18 08:55:47,752 INFO    WriterThread:60380 [datastore.py:open_for_write():77] open: /home/indika/Programming/Projects/Python/Artifical-Intelligence/PyTorch/CNN/American-Sign-Language-Recognition/wandb/run-20210518_085547-1mvhy2xl/run-1mvhy2xl.wandb
2021-05-18 08:55:47,754 DEBUG   SenderThread:60380 [sender.py:send():176] send: header
2021-05-18 08:55:47,754 DEBUG   SenderThread:60380 [sender.py:send_request():186] send_request: check_version
2021-05-18 08:55:48,354 DEBUG   SenderThread:60380 [sender.py:send():176] send: run
2021-05-18 08:55:48,357 DEBUG   SenderThread:60380 [git.py:repo():33] git repository is invalid
2021-05-18 08:55:49,264 INFO    SenderThread:60380 [dir_watcher.py:__init__():168] watching files in: /home/indika/Programming/Projects/Python/Artifical-Intelligence/PyTorch/CNN/American-Sign-Language-Recognition/wandb/run-20210518_085547-1mvhy2xl/files
2021-05-18 08:55:49,264 INFO    SenderThread:60380 [sender.py:_start_run_threads():699] run started: 1mvhy2xl with start time 1621308347
2021-05-18 08:55:49,264 DEBUG   SenderThread:60380 [sender.py:send():176] send: summary
2021-05-18 08:55:49,264 INFO    SenderThread:60380 [sender.py:_save_file():821] saving file wandb-summary.json with policy end
2021-05-18 08:55:49,265 DEBUG   HandlerThread:60380 [handler.py:handle_request():121] handle_request: run_start
2021-05-18 08:55:50,230 DEBUG   HandlerThread:60380 [meta.py:__init__():39] meta init
2021-05-18 08:55:50,230 DEBUG   HandlerThread:60380 [meta.py:__init__():53] meta init done
2021-05-18 08:55:50,230 DEBUG   HandlerThread:60380 [meta.py:probe():210] probe
2021-05-18 08:55:50,236 DEBUG   HandlerThread:60380 [git.py:repo():33] git repository is invalid
2021-05-18 08:55:50,236 DEBUG   HandlerThread:60380 [meta.py:_save_code():89] save code
2021-05-18 08:55:50,236 WARNING HandlerThread:60380 [meta.py:_save_code():91] unable to save code -- program entry not found
2021-05-18 08:55:50,236 DEBUG   HandlerThread:60380 [meta.py:_save_pip():57] save pip
2021-05-18 08:55:50,236 DEBUG   HandlerThread:60380 [meta.py:_save_pip():71] save pip done
2021-05-18 08:55:50,236 DEBUG   HandlerThread:60380 [meta.py:_save_conda():78] save conda
2021-05-18 08:55:50,267 INFO    Thread-8  :60380 [dir_watcher.py:_on_file_created():216] file/dir created: /home/indika/Programming/Projects/Python/Artifical-Intelligence/PyTorch/CNN/American-Sign-Language-Recognition/wandb/run-20210518_085547-1mvhy2xl/files/conda-environment.yaml
2021-05-18 08:55:50,268 INFO    Thread-8  :60380 [dir_watcher.py:_on_file_created():216] file/dir created: /home/indika/Programming/Projects/Python/Artifical-Intelligence/PyTorch/CNN/American-Sign-Language-Recognition/wandb/run-20210518_085547-1mvhy2xl/files/wandb-summary.json
2021-05-18 08:55:50,268 INFO    Thread-8  :60380 [dir_watcher.py:_on_file_created():216] file/dir created: /home/indika/Programming/Projects/Python/Artifical-Intelligence/PyTorch/CNN/American-Sign-Language-Recognition/wandb/run-20210518_085547-1mvhy2xl/files/requirements.txt
2021-05-18 08:55:54,595 DEBUG   HandlerThread:60380 [meta.py:_save_conda():86] save conda done
2021-05-18 08:55:54,595 DEBUG   HandlerThread:60380 [meta.py:probe():252] probe done
2021-05-18 08:55:54,597 DEBUG   HandlerThread:60380 [handler.py:handle_request():121] handle_request: stop_status
2021-05-18 08:55:54,597 DEBUG   SenderThread:60380 [sender.py:send_request():186] send_request: stop_status
2021-05-18 08:55:55,268 INFO    Thread-8  :60380 [dir_watcher.py:_on_file_modified():229] file/dir modified: /home/indika/Programming/Projects/Python/Artifical-Intelligence/PyTorch/CNN/American-Sign-Language-Recognition/wandb/run-20210518_085547-1mvhy2xl/files/conda-environment.yaml
2021-05-18 08:55:55,269 INFO    Thread-8  :60380 [dir_watcher.py:_on_file_created():216] file/dir created: /home/indika/Programming/Projects/Python/Artifical-Intelligence/PyTorch/CNN/American-Sign-Language-Recognition/wandb/run-20210518_085547-1mvhy2xl/files/output.log
2021-05-18 08:55:55,269 INFO    Thread-8  :60380 [dir_watcher.py:_on_file_created():216] file/dir created: /home/indika/Programming/Projects/Python/Artifical-Intelligence/PyTorch/CNN/American-Sign-Language-Recognition/wandb/run-20210518_085547-1mvhy2xl/files/wandb-metadata.json
2021-05-18 08:55:55,302 DEBUG   SenderThread:60380 [sender.py:send():176] send: files
2021-05-18 08:55:55,302 INFO    SenderThread:60380 [sender.py:_save_file():821] saving file wandb-metadata.json with policy now
2021-05-18 08:55:55,811 DEBUG   SenderThread:60380 [sender.py:send():176] send: history
2021-05-18 08:55:55,811 DEBUG   SenderThread:60380 [sender.py:send():176] send: summary
2021-05-18 08:55:55,813 INFO    SenderThread:60380 [sender.py:_save_file():821] saving file wandb-summary.json with policy end
2021-05-18 08:55:56,269 INFO    Thread-8  :60380 [dir_watcher.py:_on_file_modified():229] file/dir modified: /home/indika/Programming/Projects/Python/Artifical-Intelligence/PyTorch/CNN/American-Sign-Language-Recognition/wandb/run-20210518_085547-1mvhy2xl/files/wandb-summary.json
2021-05-18 08:55:56,695 INFO    Thread-11 :60380 [upload_job.py:push():133] Uploaded file /tmp/tmp_lfy62p9wandb/ay20ui3q-wandb-metadata.json
2021-05-18 08:55:57,366 DEBUG   SenderThread:60380 [sender.py:send():176] send: history
2021-05-18 08:55:57,367 DEBUG   SenderThread:60380 [sender.py:send():176] send: summary
2021-05-18 08:55:57,367 INFO    SenderThread:60380 [sender.py:_save_file():821] saving file wandb-summary.json with policy end
2021-05-18 08:55:58,269 INFO    Thread-8  :60380 [dir_watcher.py:_on_file_modified():229] file/dir modified: /home/indika/Programming/Projects/Python/Artifical-Intelligence/PyTorch/CNN/American-Sign-Language-Recognition/wandb/run-20210518_085547-1mvhy2xl/files/wandb-summary.json
2021-05-18 08:55:58,915 DEBUG   SenderThread:60380 [sender.py:send():176] send: history
2021-05-18 08:55:58,915 DEBUG   SenderThread:60380 [sender.py:send():176] send: summary
2021-05-18 08:55:58,918 INFO    SenderThread:60380 [sender.py:_save_file():821] saving file wandb-summary.json with policy end
2021-05-18 08:55:59,270 INFO    Thread-8  :60380 [dir_watcher.py:_on_file_modified():229] file/dir modified: /home/indika/Programming/Projects/Python/Artifical-Intelligence/PyTorch/CNN/American-Sign-Language-Recognition/wandb/run-20210518_085547-1mvhy2xl/files/wandb-summary.json
2021-05-18 08:56:00,577 DEBUG   SenderThread:60380 [sender.py:send():176] send: history
2021-05-18 08:56:00,577 DEBUG   SenderThread:60380 [sender.py:send():176] send: summary
2021-05-18 08:56:00,577 INFO    SenderThread:60380 [sender.py:_save_file():821] saving file wandb-summary.json with policy end
2021-05-18 08:56:01,271 INFO    Thread-8  :60380 [dir_watcher.py:_on_file_modified():229] file/dir modified: /home/indika/Programming/Projects/Python/Artifical-Intelligence/PyTorch/CNN/American-Sign-Language-Recognition/wandb/run-20210518_085547-1mvhy2xl/files/wandb-summary.json
2021-05-18 08:56:02,108 DEBUG   SenderThread:60380 [sender.py:send():176] send: history
2021-05-18 08:56:02,109 DEBUG   SenderThread:60380 [sender.py:send():176] send: summary
2021-05-18 08:56:02,111 INFO    SenderThread:60380 [sender.py:_save_file():821] saving file wandb-summary.json with policy end
2021-05-18 08:56:02,271 INFO    Thread-8  :60380 [dir_watcher.py:_on_file_modified():229] file/dir modified: /home/indika/Programming/Projects/Python/Artifical-Intelligence/PyTorch/CNN/American-Sign-Language-Recognition/wandb/run-20210518_085547-1mvhy2xl/files/wandb-summary.json
2021-05-18 08:56:03,753 DEBUG   SenderThread:60380 [sender.py:send():176] send: history
2021-05-18 08:56:03,753 DEBUG   SenderThread:60380 [sender.py:send():176] send: summary
2021-05-18 08:56:03,753 INFO    SenderThread:60380 [sender.py:_save_file():821] saving file wandb-summary.json with policy end
2021-05-18 08:56:04,272 INFO    Thread-8  :60380 [dir_watcher.py:_on_file_modified():229] file/dir modified: /home/indika/Programming/Projects/Python/Artifical-Intelligence/PyTorch/CNN/American-Sign-Language-Recognition/wandb/run-20210518_085547-1mvhy2xl/files/wandb-summary.json
2021-05-18 08:56:05,421 DEBUG   SenderThread:60380 [sender.py:send():176] send: history
2021-05-18 08:56:05,421 DEBUG   SenderThread:60380 [sender.py:send():176] send: summary
2021-05-18 08:56:05,423 INFO    SenderThread:60380 [sender.py:_save_file():821] saving file wandb-summary.json with policy end
2021-05-18 08:56:06,273 INFO    Thread-8  :60380 [dir_watcher.py:_on_file_modified():229] file/dir modified: /home/indika/Programming/Projects/Python/Artifical-Intelligence/PyTorch/CNN/American-Sign-Language-Recognition/wandb/run-20210518_085547-1mvhy2xl/files/wandb-summary.json
2021-05-18 08:56:07,150 DEBUG   SenderThread:60380 [sender.py:send():176] send: history
2021-05-18 08:56:07,150 DEBUG   SenderThread:60380 [sender.py:send():176] send: summary
2021-05-18 08:56:07,151 INFO    SenderThread:60380 [sender.py:_save_file():821] saving file wandb-summary.json with policy end
2021-05-18 08:56:07,273 INFO    Thread-8  :60380 [dir_watcher.py:_on_file_modified():229] file/dir modified: /home/indika/Programming/Projects/Python/Artifical-Intelligence/PyTorch/CNN/American-Sign-Language-Recognition/wandb/run-20210518_085547-1mvhy2xl/files/wandb-summary.json
2021-05-18 08:56:08,763 DEBUG   SenderThread:60380 [sender.py:send():176] send: history
2021-05-18 08:56:08,764 DEBUG   SenderThread:60380 [sender.py:send():176] send: summary
2021-05-18 08:56:08,766 INFO    SenderThread:60380 [sender.py:_save_file():821] saving file wandb-summary.json with policy end
2021-05-18 08:56:09,274 INFO    Thread-8  :60380 [dir_watcher.py:_on_file_modified():229] file/dir modified: /home/indika/Programming/Projects/Python/Artifical-Intelligence/PyTorch/CNN/American-Sign-Language-Recognition/wandb/run-20210518_085547-1mvhy2xl/files/wandb-summary.json
2021-05-18 08:56:10,303 DEBUG   HandlerThread:60380 [handler.py:handle_request():121] handle_request: stop_status
2021-05-18 08:56:10,303 DEBUG   SenderThread:60380 [sender.py:send_request():186] send_request: stop_status
2021-05-18 08:56:11,019 DEBUG   SenderThread:60380 [sender.py:send():176] send: history
2021-05-18 08:56:11,020 DEBUG   SenderThread:60380 [sender.py:send():176] send: summary
2021-05-18 08:56:11,022 INFO    SenderThread:60380 [sender.py:_save_file():821] saving file wandb-summary.json with policy end
2021-05-18 08:56:11,274 INFO    Thread-8  :60380 [dir_watcher.py:_on_file_modified():229] file/dir modified: /home/indika/Programming/Projects/Python/Artifical-Intelligence/PyTorch/CNN/American-Sign-Language-Recognition/wandb/run-20210518_085547-1mvhy2xl/files/wandb-summary.json
2021-05-18 08:56:12,059 DEBUG   SenderThread:60380 [sender.py:send():176] send: history
2021-05-18 08:56:12,059 DEBUG   SenderThread:60380 [sender.py:send():176] send: summary
2021-05-18 08:56:12,060 INFO    SenderThread:60380 [sender.py:_save_file():821] saving file wandb-summary.json with policy end
2021-05-18 08:56:12,275 INFO    Thread-8  :60380 [dir_watcher.py:_on_file_modified():229] file/dir modified: /home/indika/Programming/Projects/Python/Artifical-Intelligence/PyTorch/CNN/American-Sign-Language-Recognition/wandb/run-20210518_085547-1mvhy2xl/files/wandb-summary.json
2021-05-18 08:56:13,673 DEBUG   SenderThread:60380 [sender.py:send():176] send: history
2021-05-18 08:56:13,673 DEBUG   SenderThread:60380 [sender.py:send():176] send: summary
2021-05-18 08:56:13,674 INFO    SenderThread:60380 [sender.py:_save_file():821] saving file wandb-summary.json with policy end
2021-05-18 08:56:14,276 INFO    Thread-8  :60380 [dir_watcher.py:_on_file_modified():229] file/dir modified: /home/indika/Programming/Projects/Python/Artifical-Intelligence/PyTorch/CNN/American-Sign-Language-Recognition/wandb/run-20210518_085547-1mvhy2xl/files/wandb-summary.json
2021-05-18 08:56:15,187 DEBUG   SenderThread:60380 [sender.py:send():176] send: history
2021-05-18 08:56:15,187 DEBUG   SenderThread:60380 [sender.py:send():176] send: summary
2021-05-18 08:56:15,188 INFO    SenderThread:60380 [sender.py:_save_file():821] saving file wandb-summary.json with policy end
2021-05-18 08:56:15,276 INFO    Thread-8  :60380 [dir_watcher.py:_on_file_modified():229] file/dir modified: /home/indika/Programming/Projects/Python/Artifical-Intelligence/PyTorch/CNN/American-Sign-Language-Recognition/wandb/run-20210518_085547-1mvhy2xl/files/wandb-summary.json
2021-05-18 08:56:16,747 DEBUG   SenderThread:60380 [sender.py:send():176] send: history
2021-05-18 08:56:16,747 DEBUG   SenderThread:60380 [sender.py:send():176] send: summary
2021-05-18 08:56:16,750 INFO    SenderThread:60380 [sender.py:_save_file():821] saving file wandb-summary.json with policy end
2021-05-18 08:56:17,277 INFO    Thread-8  :60380 [dir_watcher.py:_on_file_modified():229] file/dir modified: /home/indika/Programming/Projects/Python/Artifical-Intelligence/PyTorch/CNN/American-Sign-Language-Recognition/wandb/run-20210518_085547-1mvhy2xl/files/wandb-summary.json
2021-05-18 08:56:18,273 DEBUG   SenderThread:60380 [sender.py:send():176] send: history
2021-05-18 08:56:18,273 DEBUG   SenderThread:60380 [sender.py:send():176] send: summary
2021-05-18 08:56:18,274 INFO    SenderThread:60380 [sender.py:_save_file():821] saving file wandb-summary.json with policy end
2021-05-18 08:56:18,277 INFO    Thread-8  :60380 [dir_watcher.py:_on_file_modified():229] file/dir modified: /home/indika/Programming/Projects/Python/Artifical-Intelligence/PyTorch/CNN/American-Sign-Language-Recognition/wandb/run-20210518_085547-1mvhy2xl/files/wandb-summary.json
2021-05-18 08:56:18,449 DEBUG   SenderThread:60380 [sender.py:send():176] send: stats
2021-05-18 08:56:19,778 DEBUG   SenderThread:60380 [sender.py:send():176] send: history
2021-05-18 08:56:19,778 DEBUG   SenderThread:60380 [sender.py:send():176] send: summary
2021-05-18 08:56:19,779 INFO    SenderThread:60380 [sender.py:_save_file():821] saving file wandb-summary.json with policy end
2021-05-18 08:56:20,278 INFO    Thread-8  :60380 [dir_watcher.py:_on_file_modified():229] file/dir modified: /home/indika/Programming/Projects/Python/Artifical-Intelligence/PyTorch/CNN/American-Sign-Language-Recognition/wandb/run-20210518_085547-1mvhy2xl/files/wandb-summary.json
2021-05-18 08:56:21,286 DEBUG   SenderThread:60380 [sender.py:send():176] send: history
2021-05-18 08:56:21,286 DEBUG   SenderThread:60380 [sender.py:send():176] send: summary
2021-05-18 08:56:21,286 INFO    SenderThread:60380 [sender.py:_save_file():821] saving file wandb-summary.json with policy end
2021-05-18 08:56:22,279 INFO    Thread-8  :60380 [dir_watcher.py:_on_file_modified():229] file/dir modified: /home/indika/Programming/Projects/Python/Artifical-Intelligence/PyTorch/CNN/American-Sign-Language-Recognition/wandb/run-20210518_085547-1mvhy2xl/files/wandb-summary.json
2021-05-18 08:56:22,775 DEBUG   SenderThread:60380 [sender.py:send():176] send: history
2021-05-18 08:56:22,775 DEBUG   SenderThread:60380 [sender.py:send():176] send: summary
2021-05-18 08:56:22,777 INFO    SenderThread:60380 [sender.py:_save_file():821] saving file wandb-summary.json with policy end
2021-05-18 08:56:23,279 INFO    Thread-8  :60380 [dir_watcher.py:_on_file_modified():229] file/dir modified: /home/indika/Programming/Projects/Python/Artifical-Intelligence/PyTorch/CNN/American-Sign-Language-Recognition/wandb/run-20210518_085547-1mvhy2xl/files/wandb-summary.json
2021-05-18 08:56:24,264 DEBUG   SenderThread:60380 [sender.py:send():176] send: history
2021-05-18 08:56:24,265 DEBUG   SenderThread:60380 [sender.py:send():176] send: summary
2021-05-18 08:56:24,265 INFO    SenderThread:60380 [sender.py:_save_file():821] saving file wandb-summary.json with policy end
2021-05-18 08:56:24,280 INFO    Thread-8  :60380 [dir_watcher.py:_on_file_modified():229] file/dir modified: /home/indika/Programming/Projects/Python/Artifical-Intelligence/PyTorch/CNN/American-Sign-Language-Recognition/wandb/run-20210518_085547-1mvhy2xl/files/wandb-summary.json
2021-05-18 08:56:25,749 DEBUG   SenderThread:60380 [sender.py:send():176] send: history
2021-05-18 08:56:25,749 DEBUG   SenderThread:60380 [sender.py:send():176] send: summary
2021-05-18 08:56:25,751 INFO    SenderThread:60380 [sender.py:_save_file():821] saving file wandb-summary.json with policy end
2021-05-18 08:56:26,020 DEBUG   HandlerThread:60380 [handler.py:handle_request():121] handle_request: stop_status
2021-05-18 08:56:26,021 DEBUG   SenderThread:60380 [sender.py:send_request():186] send_request: stop_status
2021-05-18 08:56:26,280 INFO    Thread-8  :60380 [dir_watcher.py:_on_file_modified():229] file/dir modified: /home/indika/Programming/Projects/Python/Artifical-Intelligence/PyTorch/CNN/American-Sign-Language-Recognition/wandb/run-20210518_085547-1mvhy2xl/files/wandb-summary.json
2021-05-18 08:56:27,256 DEBUG   SenderThread:60380 [sender.py:send():176] send: history
2021-05-18 08:56:27,257 DEBUG   SenderThread:60380 [sender.py:send():176] send: summary
2021-05-18 08:56:27,257 INFO    SenderThread:60380 [sender.py:_save_file():821] saving file wandb-summary.json with policy end
2021-05-18 08:56:27,281 INFO    Thread-8  :60380 [dir_watcher.py:_on_file_modified():229] file/dir modified: /home/indika/Programming/Projects/Python/Artifical-Intelligence/PyTorch/CNN/American-Sign-Language-Recognition/wandb/run-20210518_085547-1mvhy2xl/files/wandb-summary.json
2021-05-18 08:56:28,819 DEBUG   SenderThread:60380 [sender.py:send():176] send: history
2021-05-18 08:56:28,819 DEBUG   SenderThread:60380 [sender.py:send():176] send: summary
2021-05-18 08:56:28,821 INFO    SenderThread:60380 [sender.py:_save_file():821] saving file wandb-summary.json with policy end
2021-05-18 08:56:29,282 INFO    Thread-8  :60380 [dir_watcher.py:_on_file_modified():229] file/dir modified: /home/indika/Programming/Projects/Python/Artifical-Intelligence/PyTorch/CNN/American-Sign-Language-Recognition/wandb/run-20210518_085547-1mvhy2xl/files/wandb-summary.json
2021-05-18 08:56:30,319 DEBUG   SenderThread:60380 [sender.py:send():176] send: history
2021-05-18 08:56:30,320 DEBUG   SenderThread:60380 [sender.py:send():176] send: summary
2021-05-18 08:56:30,320 INFO    SenderThread:60380 [sender.py:_save_file():821] saving file wandb-summary.json with policy end
2021-05-18 08:56:31,282 INFO    Thread-8  :60380 [dir_watcher.py:_on_file_modified():229] file/dir modified: /home/indika/Programming/Projects/Python/Artifical-Intelligence/PyTorch/CNN/American-Sign-Language-Recognition/wandb/run-20210518_085547-1mvhy2xl/files/wandb-summary.json
2021-05-18 08:56:31,808 DEBUG   SenderThread:60380 [sender.py:send():176] send: history
2021-05-18 08:56:31,808 DEBUG   SenderThread:60380 [sender.py:send():176] send: summary
2021-05-18 08:56:31,809 INFO    SenderThread:60380 [sender.py:_save_file():821] saving file wandb-summary.json with policy end
2021-05-18 08:56:32,283 INFO    Thread-8  :60380 [dir_watcher.py:_on_file_modified():229] file/dir modified: /home/indika/Programming/Projects/Python/Artifical-Intelligence/PyTorch/CNN/American-Sign-Language-Recognition/wandb/run-20210518_085547-1mvhy2xl/files/wandb-summary.json
2021-05-18 08:56:33,298 DEBUG   SenderThread:60380 [sender.py:send():176] send: history
2021-05-18 08:56:33,298 DEBUG   SenderThread:60380 [sender.py:send():176] send: summary
2021-05-18 08:56:33,299 INFO    SenderThread:60380 [sender.py:_save_file():821] saving file wandb-summary.json with policy end
2021-05-18 08:56:34,284 INFO    Thread-8  :60380 [dir_watcher.py:_on_file_modified():229] file/dir modified: /home/indika/Programming/Projects/Python/Artifical-Intelligence/PyTorch/CNN/American-Sign-Language-Recognition/wandb/run-20210518_085547-1mvhy2xl/files/wandb-summary.json
2021-05-18 08:56:34,788 DEBUG   SenderThread:60380 [sender.py:send():176] send: history
2021-05-18 08:56:34,788 DEBUG   SenderThread:60380 [sender.py:send():176] send: summary
2021-05-18 08:56:34,789 INFO    SenderThread:60380 [sender.py:_save_file():821] saving file wandb-summary.json with policy end
2021-05-18 08:56:35,284 INFO    Thread-8  :60380 [dir_watcher.py:_on_file_modified():229] file/dir modified: /home/indika/Programming/Projects/Python/Artifical-Intelligence/PyTorch/CNN/American-Sign-Language-Recognition/wandb/run-20210518_085547-1mvhy2xl/files/wandb-summary.json
2021-05-18 08:56:36,280 DEBUG   SenderThread:60380 [sender.py:send():176] send: history
2021-05-18 08:56:36,280 DEBUG   SenderThread:60380 [sender.py:send():176] send: summary
2021-05-18 08:56:36,281 INFO    SenderThread:60380 [sender.py:_save_file():821] saving file wandb-summary.json with policy end
2021-05-18 08:56:36,284 INFO    Thread-8  :60380 [dir_watcher.py:_on_file_modified():229] file/dir modified: /home/indika/Programming/Projects/Python/Artifical-Intelligence/PyTorch/CNN/American-Sign-Language-Recognition/wandb/run-20210518_085547-1mvhy2xl/files/wandb-summary.json
2021-05-18 08:56:37,771 DEBUG   SenderThread:60380 [sender.py:send():176] send: history
2021-05-18 08:56:37,772 DEBUG   SenderThread:60380 [sender.py:send():176] send: summary
2021-05-18 08:56:37,773 INFO    SenderThread:60380 [sender.py:_save_file():821] saving file wandb-summary.json with policy end
2021-05-18 08:56:38,285 INFO    Thread-8  :60380 [dir_watcher.py:_on_file_modified():229] file/dir modified: /home/indika/Programming/Projects/Python/Artifical-Intelligence/PyTorch/CNN/American-Sign-Language-Recognition/wandb/run-20210518_085547-1mvhy2xl/files/wandb-summary.json
2021-05-18 08:56:39,310 DEBUG   SenderThread:60380 [sender.py:send():176] send: history
2021-05-18 08:56:39,310 DEBUG   SenderThread:60380 [sender.py:send():176] send: summary
2021-05-18 08:56:39,311 INFO    SenderThread:60380 [sender.py:_save_file():821] saving file wandb-summary.json with policy end
2021-05-18 08:56:40,286 INFO    Thread-8  :60380 [dir_watcher.py:_on_file_modified():229] file/dir modified: /home/indika/Programming/Projects/Python/Artifical-Intelligence/PyTorch/CNN/American-Sign-Language-Recognition/wandb/run-20210518_085547-1mvhy2xl/files/wandb-summary.json
2021-05-18 08:56:40,970 DEBUG   SenderThread:60380 [sender.py:send():176] send: history
2021-05-18 08:56:40,970 DEBUG   SenderThread:60380 [sender.py:send():176] send: summary
2021-05-18 08:56:40,971 INFO    SenderThread:60380 [sender.py:_save_file():821] saving file wandb-summary.json with policy end
2021-05-18 08:56:41,286 INFO    Thread-8  :60380 [dir_watcher.py:_on_file_modified():229] file/dir modified: /home/indika/Programming/Projects/Python/Artifical-Intelligence/PyTorch/CNN/American-Sign-Language-Recognition/wandb/run-20210518_085547-1mvhy2xl/files/wandb-summary.json
2021-05-18 08:56:41,786 DEBUG   HandlerThread:60380 [handler.py:handle_request():121] handle_request: stop_status
2021-05-18 08:56:41,787 DEBUG   SenderThread:60380 [sender.py:send_request():186] send_request: stop_status
2021-05-18 08:56:42,551 DEBUG   SenderThread:60380 [sender.py:send():176] send: history
2021-05-18 08:56:42,552 DEBUG   SenderThread:60380 [sender.py:send():176] send: summary
2021-05-18 08:56:42,552 INFO    SenderThread:60380 [sender.py:_save_file():821] saving file wandb-summary.json with policy end
2021-05-18 08:56:43,287 INFO    Thread-8  :60380 [dir_watcher.py:_on_file_modified():229] file/dir modified: /home/indika/Programming/Projects/Python/Artifical-Intelligence/PyTorch/CNN/American-Sign-Language-Recognition/wandb/run-20210518_085547-1mvhy2xl/files/wandb-summary.json
2021-05-18 08:56:44,062 DEBUG   SenderThread:60380 [sender.py:send():176] send: history
2021-05-18 08:56:44,062 DEBUG   SenderThread:60380 [sender.py:send():176] send: summary
2021-05-18 08:56:44,064 INFO    SenderThread:60380 [sender.py:_save_file():821] saving file wandb-summary.json with policy end
2021-05-18 08:56:44,287 INFO    Thread-8  :60380 [dir_watcher.py:_on_file_modified():229] file/dir modified: /home/indika/Programming/Projects/Python/Artifical-Intelligence/PyTorch/CNN/American-Sign-Language-Recognition/wandb/run-20210518_085547-1mvhy2xl/files/wandb-summary.json
2021-05-18 08:56:45,563 DEBUG   SenderThread:60380 [sender.py:send():176] send: history
2021-05-18 08:56:45,563 DEBUG   SenderThread:60380 [sender.py:send():176] send: summary
2021-05-18 08:56:45,564 INFO    SenderThread:60380 [sender.py:_save_file():821] saving file wandb-summary.json with policy end
2021-05-18 08:56:46,288 INFO    Thread-8  :60380 [dir_watcher.py:_on_file_modified():229] file/dir modified: /home/indika/Programming/Projects/Python/Artifical-Intelligence/PyTorch/CNN/American-Sign-Language-Recognition/wandb/run-20210518_085547-1mvhy2xl/files/wandb-summary.json
2021-05-18 08:56:47,062 DEBUG   SenderThread:60380 [sender.py:send():176] send: history
2021-05-18 08:56:47,063 DEBUG   SenderThread:60380 [sender.py:send():176] send: summary
2021-05-18 08:56:47,063 INFO    SenderThread:60380 [sender.py:_save_file():821] saving file wandb-summary.json with policy end
2021-05-18 08:56:47,289 INFO    Thread-8  :60380 [dir_watcher.py:_on_file_modified():229] file/dir modified: /home/indika/Programming/Projects/Python/Artifical-Intelligence/PyTorch/CNN/American-Sign-Language-Recognition/wandb/run-20210518_085547-1mvhy2xl/files/wandb-summary.json
2021-05-18 08:56:48,562 DEBUG   SenderThread:60380 [sender.py:send():176] send: history
2021-05-18 08:56:48,562 DEBUG   SenderThread:60380 [sender.py:send():176] send: summary
2021-05-18 08:56:48,562 INFO    SenderThread:60380 [sender.py:_save_file():821] saving file wandb-summary.json with policy end
2021-05-18 08:56:48,663 DEBUG   SenderThread:60380 [sender.py:send():176] send: stats
2021-05-18 08:56:49,289 INFO    Thread-8  :60380 [dir_watcher.py:_on_file_modified():229] file/dir modified: /home/indika/Programming/Projects/Python/Artifical-Intelligence/PyTorch/CNN/American-Sign-Language-Recognition/wandb/run-20210518_085547-1mvhy2xl/files/wandb-summary.json
2021-05-18 08:56:50,064 DEBUG   SenderThread:60380 [sender.py:send():176] send: history
2021-05-18 08:56:50,064 DEBUG   SenderThread:60380 [sender.py:send():176] send: summary
2021-05-18 08:56:50,065 INFO    SenderThread:60380 [sender.py:_save_file():821] saving file wandb-summary.json with policy end
2021-05-18 08:56:50,290 INFO    Thread-8  :60380 [dir_watcher.py:_on_file_modified():229] file/dir modified: /home/indika/Programming/Projects/Python/Artifical-Intelligence/PyTorch/CNN/American-Sign-Language-Recognition/wandb/run-20210518_085547-1mvhy2xl/files/wandb-summary.json
2021-05-18 08:56:51,562 DEBUG   SenderThread:60380 [sender.py:send():176] send: history
2021-05-18 08:56:51,562 DEBUG   SenderThread:60380 [sender.py:send():176] send: summary
2021-05-18 08:56:51,562 INFO    SenderThread:60380 [sender.py:_save_file():821] saving file wandb-summary.json with policy end
2021-05-18 08:56:52,291 INFO    Thread-8  :60380 [dir_watcher.py:_on_file_modified():229] file/dir modified: /home/indika/Programming/Projects/Python/Artifical-Intelligence/PyTorch/CNN/American-Sign-Language-Recognition/wandb/run-20210518_085547-1mvhy2xl/files/wandb-summary.json
2021-05-18 08:56:53,063 DEBUG   SenderThread:60380 [sender.py:send():176] send: history
2021-05-18 08:56:53,063 DEBUG   SenderThread:60380 [sender.py:send():176] send: summary
2021-05-18 08:56:53,063 INFO    SenderThread:60380 [sender.py:_save_file():821] saving file wandb-summary.json with policy end
2021-05-18 08:56:53,291 INFO    Thread-8  :60380 [dir_watcher.py:_on_file_modified():229] file/dir modified: /home/indika/Programming/Projects/Python/Artifical-Intelligence/PyTorch/CNN/American-Sign-Language-Recognition/wandb/run-20210518_085547-1mvhy2xl/files/wandb-summary.json
2021-05-18 08:56:54,561 DEBUG   SenderThread:60380 [sender.py:send():176] send: history
2021-05-18 08:56:54,561 DEBUG   SenderThread:60380 [sender.py:send():176] send: summary
2021-05-18 08:56:54,563 INFO    SenderThread:60380 [sender.py:_save_file():821] saving file wandb-summary.json with policy end
2021-05-18 08:56:55,292 INFO    Thread-8  :60380 [dir_watcher.py:_on_file_modified():229] file/dir modified: /home/indika/Programming/Projects/Python/Artifical-Intelligence/PyTorch/CNN/American-Sign-Language-Recognition/wandb/run-20210518_085547-1mvhy2xl/files/wandb-summary.json
2021-05-18 08:56:56,062 DEBUG   SenderThread:60380 [sender.py:send():176] send: history
2021-05-18 08:56:56,063 DEBUG   SenderThread:60380 [sender.py:send():176] send: summary
2021-05-18 08:56:56,063 INFO    SenderThread:60380 [sender.py:_save_file():821] saving file wandb-summary.json with policy end
2021-05-18 08:56:56,292 INFO    Thread-8  :60380 [dir_watcher.py:_on_file_modified():229] file/dir modified: /home/indika/Programming/Projects/Python/Artifical-Intelligence/PyTorch/CNN/American-Sign-Language-Recognition/wandb/run-20210518_085547-1mvhy2xl/files/wandb-summary.json
2021-05-18 08:56:57,496 DEBUG   HandlerThread:60380 [handler.py:handle_request():121] handle_request: stop_status
2021-05-18 08:56:57,496 DEBUG   SenderThread:60380 [sender.py:send_request():186] send_request: stop_status
2021-05-18 08:56:58,225 DEBUG   SenderThread:60380 [sender.py:send():176] send: history
2021-05-18 08:56:58,225 DEBUG   SenderThread:60380 [sender.py:send():176] send: summary
2021-05-18 08:56:58,226 INFO    SenderThread:60380 [sender.py:_save_file():821] saving file wandb-summary.json with policy end
2021-05-18 08:56:58,293 INFO    Thread-8  :60380 [dir_watcher.py:_on_file_modified():229] file/dir modified: /home/indika/Programming/Projects/Python/Artifical-Intelligence/PyTorch/CNN/American-Sign-Language-Recognition/wandb/run-20210518_085547-1mvhy2xl/files/wandb-summary.json
2021-05-18 08:56:59,070 DEBUG   SenderThread:60380 [sender.py:send():176] send: history
2021-05-18 08:56:59,070 DEBUG   SenderThread:60380 [sender.py:send():176] send: summary
2021-05-18 08:56:59,071 INFO    SenderThread:60380 [sender.py:_save_file():821] saving file wandb-summary.json with policy end
2021-05-18 08:56:59,294 INFO    Thread-8  :60380 [dir_watcher.py:_on_file_modified():229] file/dir modified: /home/indika/Programming/Projects/Python/Artifical-Intelligence/PyTorch/CNN/American-Sign-Language-Recognition/wandb/run-20210518_085547-1mvhy2xl/files/wandb-summary.json
2021-05-18 08:57:00,582 DEBUG   SenderThread:60380 [sender.py:send():176] send: history
2021-05-18 08:57:00,583 DEBUG   SenderThread:60380 [sender.py:send():176] send: summary
2021-05-18 08:57:00,583 INFO    SenderThread:60380 [sender.py:_save_file():821] saving file wandb-summary.json with policy end
2021-05-18 08:57:01,294 INFO    Thread-8  :60380 [dir_watcher.py:_on_file_modified():229] file/dir modified: /home/indika/Programming/Projects/Python/Artifical-Intelligence/PyTorch/CNN/American-Sign-Language-Recognition/wandb/run-20210518_085547-1mvhy2xl/files/wandb-summary.json
2021-05-18 08:57:02,091 DEBUG   SenderThread:60380 [sender.py:send():176] send: history
2021-05-18 08:57:02,091 DEBUG   SenderThread:60380 [sender.py:send():176] send: summary
2021-05-18 08:57:02,092 INFO    SenderThread:60380 [sender.py:_save_file():821] saving file wandb-summary.json with policy end
2021-05-18 08:57:02,295 INFO    Thread-8  :60380 [dir_watcher.py:_on_file_modified():229] file/dir modified: /home/indika/Programming/Projects/Python/Artifical-Intelligence/PyTorch/CNN/American-Sign-Language-Recognition/wandb/run-20210518_085547-1mvhy2xl/files/wandb-summary.json
2021-05-18 08:57:03,602 DEBUG   SenderThread:60380 [sender.py:send():176] send: history
2021-05-18 08:57:03,603 DEBUG   SenderThread:60380 [sender.py:send():176] send: summary
2021-05-18 08:57:03,603 INFO    SenderThread:60380 [sender.py:_save_file():821] saving file wandb-summary.json with policy end
2021-05-18 08:57:04,296 INFO    Thread-8  :60380 [dir_watcher.py:_on_file_modified():229] file/dir modified: /home/indika/Programming/Projects/Python/Artifical-Intelligence/PyTorch/CNN/American-Sign-Language-Recognition/wandb/run-20210518_085547-1mvhy2xl/files/wandb-summary.json
2021-05-18 08:57:05,111 DEBUG   SenderThread:60380 [sender.py:send():176] send: history
2021-05-18 08:57:05,111 DEBUG   SenderThread:60380 [sender.py:send():176] send: summary
2021-05-18 08:57:05,113 INFO    SenderThread:60380 [sender.py:_save_file():821] saving file wandb-summary.json with policy end
2021-05-18 08:57:05,296 INFO    Thread-8  :60380 [dir_watcher.py:_on_file_modified():229] file/dir modified: /home/indika/Programming/Projects/Python/Artifical-Intelligence/PyTorch/CNN/American-Sign-Language-Recognition/wandb/run-20210518_085547-1mvhy2xl/files/wandb-summary.json
2021-05-18 08:57:06,622 DEBUG   SenderThread:60380 [sender.py:send():176] send: history
2021-05-18 08:57:06,622 DEBUG   SenderThread:60380 [sender.py:send():176] send: summary
2021-05-18 08:57:06,622 INFO    SenderThread:60380 [sender.py:_save_file():821] saving file wandb-summary.json with policy end
2021-05-18 08:57:07,297 INFO    Thread-8  :60380 [dir_watcher.py:_on_file_modified():229] file/dir modified: /home/indika/Programming/Projects/Python/Artifical-Intelligence/PyTorch/CNN/American-Sign-Language-Recognition/wandb/run-20210518_085547-1mvhy2xl/files/wandb-summary.json
2021-05-18 08:57:08,121 DEBUG   SenderThread:60380 [sender.py:send():176] send: history
2021-05-18 08:57:08,121 DEBUG   SenderThread:60380 [sender.py:send():176] send: summary
2021-05-18 08:57:08,122 INFO    SenderThread:60380 [sender.py:_save_file():821] saving file wandb-summary.json with policy end
2021-05-18 08:57:08,297 INFO    Thread-8  :60380 [dir_watcher.py:_on_file_modified():229] file/dir modified: /home/indika/Programming/Projects/Python/Artifical-Intelligence/PyTorch/CNN/American-Sign-Language-Recognition/wandb/run-20210518_085547-1mvhy2xl/files/wandb-summary.json
2021-05-18 08:57:09,621 DEBUG   SenderThread:60380 [sender.py:send():176] send: history
2021-05-18 08:57:09,621 DEBUG   SenderThread:60380 [sender.py:send():176] send: summary
2021-05-18 08:57:09,622 INFO    SenderThread:60380 [sender.py:_save_file():821] saving file wandb-summary.json with policy end
2021-05-18 08:57:10,298 INFO    Thread-8  :60380 [dir_watcher.py:_on_file_modified():229] file/dir modified: /home/indika/Programming/Projects/Python/Artifical-Intelligence/PyTorch/CNN/American-Sign-Language-Recognition/wandb/run-20210518_085547-1mvhy2xl/files/wandb-summary.json
2021-05-18 08:57:11,115 DEBUG   SenderThread:60380 [sender.py:send():176] send: history
2021-05-18 08:57:11,116 DEBUG   SenderThread:60380 [sender.py:send():176] send: summary
2021-05-18 08:57:11,116 INFO    SenderThread:60380 [sender.py:_save_file():821] saving file wandb-summary.json with policy end
2021-05-18 08:57:11,299 INFO    Thread-8  :60380 [dir_watcher.py:_on_file_modified():229] file/dir modified: /home/indika/Programming/Projects/Python/Artifical-Intelligence/PyTorch/CNN/American-Sign-Language-Recognition/wandb/run-20210518_085547-1mvhy2xl/files/wandb-summary.json
2021-05-18 08:57:12,611 DEBUG   SenderThread:60380 [sender.py:send():176] send: history
2021-05-18 08:57:12,611 DEBUG   SenderThread:60380 [sender.py:send():176] send: summary
2021-05-18 08:57:12,611 INFO    SenderThread:60380 [sender.py:_save_file():821] saving file wandb-summary.json with policy end
2021-05-18 08:57:13,226 DEBUG   HandlerThread:60380 [handler.py:handle_request():121] handle_request: stop_status
2021-05-18 08:57:13,227 DEBUG   SenderThread:60380 [sender.py:send_request():186] send_request: stop_status
2021-05-18 08:57:13,300 INFO    Thread-8  :60380 [dir_watcher.py:_on_file_modified():229] file/dir modified: /home/indika/Programming/Projects/Python/Artifical-Intelligence/PyTorch/CNN/American-Sign-Language-Recognition/wandb/run-20210518_085547-1mvhy2xl/files/wandb-summary.json
2021-05-18 08:57:51,774 ERROR   SenderThread:60380 [retry.py:__call__():126] Retry attempt failed:
Traceback (most recent call last):
  File "/home/indika/anaconda3/lib/python3.7/site-packages/urllib3/connection.py", line 159, in _new_conn
    (self._dns_host, self.port), self.timeout, **extra_kw)
  File "/home/indika/anaconda3/lib/python3.7/site-packages/urllib3/util/connection.py", line 57, in create_connection
    for res in socket.getaddrinfo(host, port, family, socket.SOCK_STREAM):
  File "/home/indika/anaconda3/lib/python3.7/socket.py", line 748, in getaddrinfo
    for res in _socket.getaddrinfo(host, port, family, type, proto, flags):
socket.gaierror: [Errno -3] Temporary failure in name resolution

During handling of the above exception, another exception occurred:

Traceback (most recent call last):
  File "/home/indika/anaconda3/lib/python3.7/site-packages/urllib3/connectionpool.py", line 600, in urlopen
    chunked=chunked)
  File "/home/indika/anaconda3/lib/python3.7/site-packages/urllib3/connectionpool.py", line 343, in _make_request
    self._validate_conn(conn)
  File "/home/indika/anaconda3/lib/python3.7/site-packages/urllib3/connectionpool.py", line 839, in _validate_conn
    conn.connect()
  File "/home/indika/anaconda3/lib/python3.7/site-packages/urllib3/connection.py", line 301, in connect
    conn = self._new_conn()
  File "/home/indika/anaconda3/lib/python3.7/site-packages/urllib3/connection.py", line 168, in _new_conn
    self, "Failed to establish a new connection: %s" % e)
urllib3.exceptions.NewConnectionError: <urllib3.connection.VerifiedHTTPSConnection object at 0x7f474b224588>: Failed to establish a new connection: [Errno -3] Temporary failure in name resolution

During handling of the above exception, another exception occurred:

Traceback (most recent call last):
  File "/home/indika/anaconda3/lib/python3.7/site-packages/requests/adapters.py", line 449, in send
    timeout=timeout
  File "/home/indika/anaconda3/lib/python3.7/site-packages/urllib3/connectionpool.py", line 638, in urlopen
    _stacktrace=sys.exc_info()[2])
  File "/home/indika/anaconda3/lib/python3.7/site-packages/urllib3/util/retry.py", line 398, in increment
    raise MaxRetryError(_pool, url, error or ResponseError(cause))
urllib3.exceptions.MaxRetryError: HTTPSConnectionPool(host='api.wandb.ai', port=443): Max retries exceeded with url: /graphql (Caused by NewConnectionError('<urllib3.connection.VerifiedHTTPSConnection object at 0x7f474b224588>: Failed to establish a new connection: [Errno -3] Temporary failure in name resolution'))

During handling of the above exception, another exception occurred:

Traceback (most recent call last):
  File "/home/indika/anaconda3/lib/python3.7/site-packages/wandb/sdk/lib/retry.py", line 102, in __call__
    result = self._call_fn(*args, **kwargs)
  File "/home/indika/anaconda3/lib/python3.7/site-packages/wandb/sdk/internal/internal_api.py", line 127, in execute
    return self.client.execute(*args, **kwargs)
  File "/home/indika/anaconda3/lib/python3.7/site-packages/wandb/vendor/gql-0.2.0/gql/client.py", line 52, in execute
    result = self._get_result(document, *args, **kwargs)
  File "/home/indika/anaconda3/lib/python3.7/site-packages/wandb/vendor/gql-0.2.0/gql/client.py", line 60, in _get_result
    return self.transport.execute(document, *args, **kwargs)
  File "/home/indika/anaconda3/lib/python3.7/site-packages/wandb/vendor/gql-0.2.0/gql/transport/requests.py", line 38, in execute
    request = requests.post(self.url, **post_args)
  File "/home/indika/anaconda3/lib/python3.7/site-packages/requests/api.py", line 116, in post
    return request('post', url, data=data, json=json, **kwargs)
  File "/home/indika/anaconda3/lib/python3.7/site-packages/requests/api.py", line 60, in request
    return session.request(method=method, url=url, **kwargs)
  File "/home/indika/anaconda3/lib/python3.7/site-packages/requests/sessions.py", line 533, in request
    resp = self.send(prep, **send_kwargs)
  File "/home/indika/anaconda3/lib/python3.7/site-packages/requests/sessions.py", line 646, in send
    r = adapter.send(request, **kwargs)
  File "/home/indika/anaconda3/lib/python3.7/site-packages/requests/adapters.py", line 516, in send
    raise ConnectionError(e, request=request)
requests.exceptions.ConnectionError: HTTPSConnectionPool(host='api.wandb.ai', port=443): Max retries exceeded with url: /graphql (Caused by NewConnectionError('<urllib3.connection.VerifiedHTTPSConnection object at 0x7f474b224588>: Failed to establish a new connection: [Errno -3] Temporary failure in name resolution'))
2021-05-18 09:00:26,364 INFO    Thread-8  :60380 [dir_watcher.py:_on_file_created():216] file/dir created: /home/indika/Programming/Projects/Python/Artifical-Intelligence/PyTorch/CNN/American-Sign-Language-Recognition/wandb/run-20210518_085547-1mvhy2xl/files/code/_session_history.ipynb
2021-05-18 09:00:26,365 INFO    Thread-8  :60380 [dir_watcher.py:_on_file_created():216] file/dir created: /home/indika/Programming/Projects/Python/Artifical-Intelligence/PyTorch/CNN/American-Sign-Language-Recognition/wandb/run-20210518_085547-1mvhy2xl/files/code
2021-05-18 09:03:13,966 WARNING FileStreamThread:60380 [file_stream.py:request_with_retry():424] requests_with_retry encountered retryable exception: ('Connection aborted.', RemoteDisconnected('Remote end closed connection without response')). func: <bound method Session.post of <requests.sessions.Session object at 0x7f47c2e5a438>>, args: ('https://api.wandb.ai/files/ranuga-d/Sign-Language-Recognition/1mvhy2xl/file_stream',), kwargs: {'json': {'complete': False, 'failed': False}}
2021-05-18 09:03:26,268 WARNING FileStreamThread:60380 [file_stream.py:request_with_retry():424] requests_with_retry encountered retryable exception: HTTPSConnectionPool(host='api.wandb.ai', port=443): Max retries exceeded with url: /files/ranuga-d/Sign-Language-Recognition/1mvhy2xl/file_stream (Caused by NewConnectionError('<urllib3.connection.VerifiedHTTPSConnection object at 0x7f474b224f60>: Failed to establish a new connection: [Errno -3] Temporary failure in name resolution')). func: <bound method Session.post of <requests.sessions.Session object at 0x7f47c2e5a438>>, args: ('https://api.wandb.ai/files/ranuga-d/Sign-Language-Recognition/1mvhy2xl/file_stream',), kwargs: {'json': {'complete': False, 'failed': False}}
2021-05-18 09:03:40,593 WARNING FileStreamThread:60380 [file_stream.py:request_with_retry():424] requests_with_retry encountered retryable exception: HTTPSConnectionPool(host='api.wandb.ai', port=443): Max retries exceeded with url: /files/ranuga-d/Sign-Language-Recognition/1mvhy2xl/file_stream (Caused by NewConnectionError('<urllib3.connection.VerifiedHTTPSConnection object at 0x7f474b224e48>: Failed to establish a new connection: [Errno -3] Temporary failure in name resolution')). func: <bound method Session.post of <requests.sessions.Session object at 0x7f47c2e5a438>>, args: ('https://api.wandb.ai/files/ranuga-d/Sign-Language-Recognition/1mvhy2xl/file_stream',), kwargs: {'json': {'complete': False, 'failed': False}}
2021-05-18 09:03:58,721 WARNING FileStreamThread:60380 [file_stream.py:request_with_retry():424] requests_with_retry encountered retryable exception: HTTPSConnectionPool(host='api.wandb.ai', port=443): Max retries exceeded with url: /files/ranuga-d/Sign-Language-Recognition/1mvhy2xl/file_stream (Caused by NewConnectionError('<urllib3.connection.VerifiedHTTPSConnection object at 0x7f474b224160>: Failed to establish a new connection: [Errno -3] Temporary failure in name resolution')). func: <bound method Session.post of <requests.sessions.Session object at 0x7f47c2e5a438>>, args: ('https://api.wandb.ai/files/ranuga-d/Sign-Language-Recognition/1mvhy2xl/file_stream',), kwargs: {'json': {'complete': False, 'failed': False}}
2021-05-18 09:04:28,195 WARNING FileStreamThread:60380 [file_stream.py:request_with_retry():424] requests_with_retry encountered retryable exception: HTTPSConnectionPool(host='api.wandb.ai', port=443): Max retries exceeded with url: /files/ranuga-d/Sign-Language-Recognition/1mvhy2xl/file_stream (Caused by NewConnectionError('<urllib3.connection.VerifiedHTTPSConnection object at 0x7f474b224668>: Failed to establish a new connection: [Errno -3] Temporary failure in name resolution')). func: <bound method Session.post of <requests.sessions.Session object at 0x7f47c2e5a438>>, args: ('https://api.wandb.ai/files/ranuga-d/Sign-Language-Recognition/1mvhy2xl/file_stream',), kwargs: {'json': {'complete': False, 'failed': False}}
2021-05-18 09:05:00,575 DEBUG   HandlerThread:60380 [handler.py:handle_request():121] handle_request: poll_exit
2021-05-18 09:05:01,482 INFO    Thread-8  :60380 [dir_watcher.py:_on_file_modified():229] file/dir modified: /home/indika/Programming/Projects/Python/Artifical-Intelligence/PyTorch/CNN/American-Sign-Language-Recognition/wandb/run-20210518_085547-1mvhy2xl/files/output.log
